<?xml version="1.0" encoding="UTF-8"?>
<testng-results skipped="0" failed="0" ignored="0" total="1" passed="1">
  <reporter-output>
  </reporter-output>
  <suite name="Default suite" duration-ms="1538" started-at="2021-05-23T14:21:44Z" finished-at="2021-05-23T14:21:46Z">
    <groups>
    </groups>
    <test name="Default test" duration-ms="1538" started-at="2021-05-23T14:21:44Z" finished-at="2021-05-23T14:21:46Z">
      <class name="JenkinsTestCase.ValidateCustomer">
        <test-method status="PASS" signature="sendGetRequest()[pri:0, instance:JenkinsTestCase.ValidateCustomer@1d057a39]" name="sendGetRequest" duration-ms="1516" started-at="2021-05-23T14:21:44Z" finished-at="2021-05-23T14:21:46Z">
          <reporter-output>
          </reporter-output>
        </test-method> <!-- sendGetRequest -->
      </class> <!-- JenkinsTestCase.ValidateCustomer -->
    </test> <!-- Default test -->
  </suite> <!-- Default suite -->
</testng-results>
